<?xml version="1.0" encoding="UTF-8"?>
<!-- Generated by org.testng.reporters.JUnitXMLReporter -->
<testsuite hostname="udkihema" ignored="3" name="Test" tests="10" failures="1" timestamp="2022-07-18T19:24:19 IST" time="117.674" errors="0">
  <testcase name="@BeforeClass browser" time="27.633" classname="testNG.TvSection">
    <failure type="org.openqa.selenium.WebDriverException" message="Timed out waiting for driver server to start.
Build info: version: &amp;apos;3.141.59&amp;apos;, revision: &amp;apos;e82be7d358&amp;apos;, time: &amp;apos;2018-11-14T08:17:03&amp;apos;
System info: host: &amp;apos;UDKIHEMA&amp;apos;, ip: &amp;apos;192.168.1.11&amp;apos;, os.name: &amp;apos;Windows 10&amp;apos;, os.arch: &amp;apos;amd64&amp;apos;, os.version: &amp;apos;10.0&amp;apos;, java.version: &amp;apos;1.8.0_333&amp;apos;
Driver info: driver.version: ChromeDriver">
      <![CDATA[org.openqa.selenium.WebDriverException: Timed out waiting for driver server to start.
Build info: version: '3.141.59', revision: 'e82be7d358', time: '2018-11-14T08:17:03'
System info: host: 'UDKIHEMA', ip: '192.168.1.11', os.name: 'Windows 10', os.arch: 'amd64', os.version: '10.0', java.version: '1.8.0_333'
Driver info: driver.version: ChromeDriver
at org.openqa.selenium.remote.service.DriverService.waitUntilAvailable(DriverService.java:202)
at org.openqa.selenium.remote.service.DriverService.start(DriverService.java:188)
at org.openqa.selenium.remote.service.DriverCommandExecutor.execute(DriverCommandExecutor.java:79)
at org.openqa.selenium.remote.RemoteWebDriver.execute(RemoteWebDriver.java:552)
at org.openqa.selenium.remote.RemoteWebDriver.startSession(RemoteWebDriver.java:213)
at org.openqa.selenium.remote.RemoteWebDriver.<init>(RemoteWebDriver.java:131)
at org.openqa.selenium.chrome.ChromeDriver.<init>(ChromeDriver.java:181)
at org.openqa.selenium.chrome.ChromeDriver.<init>(ChromeDriver.java:168)
at org.openqa.selenium.chrome.ChromeDriver.<init>(ChromeDriver.java:123)
at testNG.TvSection.browser(TvSection.java:26)
at java.util.ArrayList.forEach(Unknown Source)
Caused by: org.openqa.selenium.net.UrlChecker$TimeoutException: Timed out waiting for [http://localhost:7031/status] to be available after 20030 ms
at org.openqa.selenium.net.UrlChecker.waitUntilAvailable(UrlChecker.java:100)
at org.openqa.selenium.remote.service.DriverService.waitUntilAvailable(DriverService.java:197)
... 35 more
Caused by: java.util.concurrent.TimeoutException
at java.util.concurrent.FutureTask.get(Unknown Source)
at com.google.common.util.concurrent.SimpleTimeLimiter.callWithTimeout(SimpleTimeLimiter.java:156)
at org.openqa.selenium.net.UrlChecker.waitUntilAvailable(UrlChecker.java:75)
... 36 more
... Removed 25 stack frames]]>
    </failure>
  </testcase> <!-- @BeforeClass browser -->
  <testcase name="@BeforeMethod close" time="-1.658152369135E9" classname="testNG.TvSection">
    <skipped/>
  </testcase> <!-- @BeforeMethod close -->
  <testcase name="@AfterMethod closed" time="-1.658152369154E9" classname="testNG.TvSection">
    <skipped/>
  </testcase> <!-- @AfterMethod closed -->
  <testcase name="@BeforeMethod close" time="-1.658152369164E9" classname="testNG.TvSection">
    <skipped/>
  </testcase> <!-- @BeforeMethod close -->
  <testcase name="@AfterMethod closed" time="-1.658152369184E9" classname="testNG.TvSection">
    <skipped/>
  </testcase> <!-- @AfterMethod closed -->
  <testcase name="@BeforeMethod close" time="-1.658152369188E9" classname="testNG.TvSection">
    <skipped/>
  </testcase> <!-- @BeforeMethod close -->
  <testcase name="@AfterMethod closed" time="-1.658152369202E9" classname="testNG.TvSection">
    <skipped/>
  </testcase> <!-- @AfterMethod closed -->
  <testcase name="@BeforeMethod close" time="-1.658152369208E9" classname="testNG.TvSection">
    <skipped/>
  </testcase> <!-- @BeforeMethod close -->
  <testcase name="@AfterMethod closed" time="-1.658152369231E9" classname="testNG.TvSection">
    <skipped/>
  </testcase> <!-- @AfterMethod closed -->
  <testcase name="@BeforeMethod close" time="-1.658152369239E9" classname="testNG.TvSection">
    <skipped/>
  </testcase> <!-- @BeforeMethod close -->
  <testcase name="@AfterMethod closed" time="-1.658152369251E9" classname="testNG.TvSection">
    <skipped/>
  </testcase> <!-- @AfterMethod closed -->
  <testcase name="@AfterClass browserquit" time="-1.658152369255E9" classname="testNG.TvSection">
    <skipped/>
  </testcase> <!-- @AfterClass browserquit -->
  <testcase name="closepop" time="0.0" classname="testNG.TvSection">
    <skipped/>
  </testcase> <!-- closepop -->
  <testcase name="entertv" time="0.0" classname="testNG.TvSection">
    <skipped/>
  </testcase> <!-- entertv -->
  <testcase name="windowswitching" time="0.0" classname="testNG.TvSection">
    <skipped/>
  </testcase> <!-- windowswitching -->
  <testcase name="samsungtv1" time="0.0" classname="testNG.TvSection">
    <skipped/>
  </testcase> <!-- samsungtv1 -->
  <testcase name="samsungtv2" time="0.0" classname="testNG.TvSection">
    <skipped/>
  </testcase> <!-- samsungtv2 -->
  <testcase name="colse" time="9.286" classname="testNG.TestNG"/>
  <testcase name="enter" time="14.801" classname="testNG.TestNG"/>
  <testcase name="windowswitching" time="0.043" classname="testNG.TestNG"/>
  <testcase name="method7" time="5.543" classname="testNG.TestNG"/>
  <testcase name="method8" time="13.066" classname="testNG.TestNG">
    <failure type="org.apache.xmlbeans.impl.values.XmlValueDisconnectedException">
      <![CDATA[org.apache.xmlbeans.impl.values.XmlValueDisconnectedException
at org.apache.xmlbeans.impl.values.XmlObjectBase.check_orphaned(XmlObjectBase.java:1258)
at org.openxmlformats.schemas.spreadsheetml.x2006.main.impl.CTCellImpl.isSetF(Unknown Source)
at org.apache.poi.xssf.usermodel.XSSFCell.isFormulaCell(XSSFCell.java:661)
at org.apache.poi.xssf.usermodel.XSSFCell.getCellType(XSSFCell.java:679)
at org.apache.poi.xssf.usermodel.XSSFCell.setCellValueImpl(XSSFCell.java:415)
at org.apache.poi.xssf.usermodel.XSSFCell.setCellValueImpl(XSSFCell.java:407)
at org.apache.poi.ss.usermodel.CellBase.setCellValue(CellBase.java:292)
at testNG.TestNG.method8(TestNG.java:151)
at java.util.ArrayList.forEach(Unknown Source)
... Removed 27 stack frames]]>
    </failure>
  </testcase> <!-- method8 -->
  <testcase name="method4" time="0.0" classname="testNG.TestNG">
    <ignored/>
  </testcase> <!-- method4 -->
  <testcase name="method5" time="0.0" classname="testNG.TestNG">
    <ignored/>
  </testcase> <!-- method5 -->
  <testcase name="method6" time="0.0" classname="testNG.TestNG">
    <ignored/>
  </testcase> <!-- method6 -->
</testsuite> <!-- Test -->
